2025-09-16 21:49:26 | INFO | 已启用文件日志：data/audit/download.log
2025-09-16 21:49:27 | INFO | 已设置 HTTP(S) 代理：http://127.0.0.1:7890
2025-09-16 21:49:31 | INFO | CCXT 符号映射：inst=ETH-USDT-SWAP -> exchange=okx symbol=ETH/USDT:USDT
2025-09-16 21:49:32 | INFO | [CCXT] 分页：page=1 累计=100 next_since_ms=1735690800000
2025-09-16 21:49:32 | INFO | [CCXT] 分页：page=2 累计=200 next_since_ms=1735720800000
2025-09-16 21:49:33 | INFO | [CCXT] 分页：page=3 累计=289 next_since_ms=1735750800000
2025-09-16 21:49:33 | INFO | [CCXT] 已保存 289 行到 C:\Users\64789\Desktop\123\data\ohlcv_ETH-USDT-SWAP_5m_2025-01-01_2025-01-02.csv
2025-09-16 21:51:26 | INFO | 已启用文件日志：data/audit/download.log
2025-09-16 21:51:27 | INFO | 已设置 HTTP(S) 代理：http://127.0.0.1:7890
2025-09-16 21:51:32 | INFO | CCXT 符号映射：inst=ETH-USDT-SWAP -> exchange=okx symbol=ETH/USDT:USDT
2025-09-16 21:51:33 | INFO | [CCXT] 分页：page=1 累计=100 next_since_ms=1754007600000
2025-09-16 21:51:34 | INFO | [CCXT] 分页：page=2 累计=200 next_since_ms=1754037600000
2025-09-16 21:51:34 | INFO | [CCXT] 分页：page=3 累计=300 next_since_ms=1754067600000
2025-09-16 21:51:35 | INFO | [CCXT] 分页：page=4 累计=400 next_since_ms=1754097600000
2025-09-16 21:51:36 | INFO | [CCXT] 分页：page=5 累计=500 next_since_ms=1754127600000
2025-09-16 21:51:36 | INFO | [CCXT] 分页：page=6 累计=600 next_since_ms=1754157600000
2025-09-16 21:51:37 | INFO | [CCXT] 分页：page=7 累计=700 next_since_ms=1754187600000
2025-09-16 21:51:38 | INFO | [CCXT] 分页：page=8 累计=800 next_since_ms=1754217600000
2025-09-16 21:51:38 | INFO | [CCXT] 分页：page=9 累计=900 next_since_ms=1754247600000
2025-09-16 21:51:39 | INFO | [CCXT] 分页：page=10 累计=1000 next_since_ms=1754277600000
2025-09-16 21:51:39 | INFO | [CCXT] 分页：page=11 累计=1100 next_since_ms=1754307600000
2025-09-16 21:51:40 | INFO | [CCXT] 分页：page=12 累计=1200 next_since_ms=1754337600000
2025-09-16 21:51:40 | INFO | [CCXT] 分页：page=13 累计=1300 next_since_ms=1754367600000
2025-09-16 21:51:41 | INFO | [CCXT] 分页：page=14 累计=1400 next_since_ms=1754397600000
2025-09-16 21:51:42 | INFO | [CCXT] 分页：page=15 累计=1500 next_since_ms=1754427600000
2025-09-16 21:51:42 | INFO | [CCXT] 分页：page=16 累计=1600 next_since_ms=1754457600000
2025-09-16 21:51:43 | INFO | [CCXT] 分页：page=17 累计=1700 next_since_ms=1754487600000
2025-09-16 21:51:44 | INFO | [CCXT] 分页：page=18 累计=1800 next_since_ms=1754517600000
2025-09-16 21:51:44 | INFO | [CCXT] 分页：page=19 累计=1900 next_since_ms=1754547600000
2025-09-16 21:51:45 | INFO | [CCXT] 分页：page=20 累计=2000 next_since_ms=1754577600000
2025-09-16 21:51:45 | INFO | [CCXT] 分页：page=21 累计=2100 next_since_ms=1754607600000
2025-09-16 21:51:46 | INFO | [CCXT] 分页：page=22 累计=2200 next_since_ms=1754637600000
2025-09-16 21:51:46 | INFO | [CCXT] 分页：page=23 累计=2300 next_since_ms=1754667600000
2025-09-16 21:51:47 | INFO | [CCXT] 分页：page=24 累计=2400 next_since_ms=1754697600000
2025-09-16 21:51:47 | INFO | [CCXT] 分页：page=25 累计=2500 next_since_ms=1754727600000
2025-09-16 21:51:48 | INFO | [CCXT] 分页：page=26 累计=2600 next_since_ms=1754757600000
2025-09-16 21:51:49 | INFO | [CCXT] 分页：page=27 累计=2700 next_since_ms=1754787600000
2025-09-16 21:51:49 | INFO | [CCXT] 分页：page=28 累计=2800 next_since_ms=1754817600000
2025-09-16 21:51:50 | INFO | [CCXT] 分页：page=29 累计=2900 next_since_ms=1754847600000
2025-09-16 21:51:50 | INFO | [CCXT] 分页：page=30 累计=3000 next_since_ms=1754877600000
2025-09-16 21:51:51 | INFO | [CCXT] 分页：page=31 累计=3100 next_since_ms=1754907600000
2025-09-16 21:51:52 | INFO | [CCXT] 分页：page=32 累计=3200 next_since_ms=1754937600000
2025-09-16 21:51:53 | INFO | [CCXT] 分页：page=33 累计=3300 next_since_ms=1754967600000
2025-09-16 21:51:53 | INFO | [CCXT] 分页：page=34 累计=3400 next_since_ms=1754997600000
2025-09-16 21:51:54 | INFO | [CCXT] 分页：page=35 累计=3500 next_since_ms=1755027600000
2025-09-16 21:51:54 | INFO | [CCXT] 分页：page=36 累计=3600 next_since_ms=1755057600000
2025-09-16 21:51:55 | INFO | [CCXT] 分页：page=37 累计=3700 next_since_ms=1755087600000
2025-09-16 21:51:55 | INFO | [CCXT] 分页：page=38 累计=3800 next_since_ms=1755117600000
2025-09-16 21:51:56 | INFO | [CCXT] 分页：page=39 累计=3900 next_since_ms=1755147600000
2025-09-16 21:51:56 | INFO | [CCXT] 分页：page=40 累计=4000 next_since_ms=1755177600000
2025-09-16 21:51:56 | INFO | [CCXT] 分页：page=41 累计=4100 next_since_ms=1755207600000
2025-09-16 21:51:57 | INFO | [CCXT] 分页：page=42 累计=4200 next_since_ms=1755237600000
2025-09-16 21:51:57 | INFO | [CCXT] 分页：page=43 累计=4300 next_since_ms=1755267600000
2025-09-16 21:51:58 | INFO | [CCXT] 分页：page=44 累计=4400 next_since_ms=1755297600000
2025-09-16 21:51:59 | INFO | [CCXT] 分页：page=45 累计=4500 next_since_ms=1755327600000
2025-09-16 21:52:00 | INFO | [CCXT] 分页：page=46 累计=4600 next_since_ms=1755357600000
2025-09-16 21:52:00 | INFO | [CCXT] 分页：page=47 累计=4700 next_since_ms=1755387600000
2025-09-16 21:52:01 | INFO | [CCXT] 分页：page=48 累计=4800 next_since_ms=1755417600000
2025-09-16 21:52:02 | INFO | [CCXT] 分页：page=49 累计=4900 next_since_ms=1755447600000
2025-09-16 21:52:03 | INFO | [CCXT] 分页：page=50 累计=5000 next_since_ms=1755477600000
2025-09-16 21:52:03 | INFO | [CCXT] 分页：page=51 累计=5100 next_since_ms=1755507600000
2025-09-16 21:52:03 | INFO | [CCXT] 分页：page=52 累计=5200 next_since_ms=1755537600000
2025-09-16 21:52:04 | INFO | [CCXT] 分页：page=53 累计=5300 next_since_ms=1755567600000
2025-09-16 21:52:05 | INFO | [CCXT] 分页：page=54 累计=5400 next_since_ms=1755597600000
2025-09-16 21:52:05 | INFO | [CCXT] 分页：page=55 累计=5500 next_since_ms=1755627600000
2025-09-16 21:52:06 | INFO | [CCXT] 分页：page=56 累计=5600 next_since_ms=1755657600000
2025-09-16 21:52:07 | INFO | [CCXT] 分页：page=57 累计=5700 next_since_ms=1755687600000
2025-09-16 21:52:07 | INFO | [CCXT] 分页：page=58 累计=5800 next_since_ms=1755717600000
2025-09-16 21:52:07 | INFO | [CCXT] 分页：page=59 累计=5900 next_since_ms=1755747600000
2025-09-16 21:52:08 | INFO | [CCXT] 分页：page=60 累计=6000 next_since_ms=1755777600000
2025-09-16 21:52:09 | INFO | [CCXT] 分页：page=61 累计=6100 next_since_ms=1755807600000
2025-09-16 21:52:10 | INFO | [CCXT] 分页：page=62 累计=6200 next_since_ms=1755837600000
2025-09-16 21:52:10 | INFO | [CCXT] 分页：page=63 累计=6300 next_since_ms=1755867600000
2025-09-16 21:52:11 | INFO | [CCXT] 分页：page=64 累计=6400 next_since_ms=1755897600000
2025-09-16 21:52:11 | INFO | [CCXT] 分页：page=65 累计=6500 next_since_ms=1755927600000
2025-09-16 21:52:12 | INFO | [CCXT] 分页：page=66 累计=6600 next_since_ms=1755957600000
2025-09-16 21:52:12 | INFO | [CCXT] 分页：page=67 累计=6700 next_since_ms=1755987600000
2025-09-16 21:52:13 | INFO | [CCXT] 分页：page=68 累计=6800 next_since_ms=1756017600000
2025-09-16 21:52:13 | INFO | [CCXT] 分页：page=69 累计=6900 next_since_ms=1756047600000
2025-09-16 21:52:14 | INFO | [CCXT] 分页：page=70 累计=7000 next_since_ms=1756077600000
2025-09-16 21:52:14 | INFO | [CCXT] 分页：page=71 累计=7100 next_since_ms=1756107600000
2025-09-16 21:52:16 | INFO | [CCXT] 分页：page=72 累计=7200 next_since_ms=1756137600000
2025-09-16 21:52:16 | INFO | [CCXT] 分页：page=73 累计=7300 next_since_ms=1756167600000
2025-09-16 21:52:17 | INFO | [CCXT] 分页：page=74 累计=7400 next_since_ms=1756197600000
2025-09-16 21:52:18 | INFO | [CCXT] 分页：page=75 累计=7500 next_since_ms=1756227600000
2025-09-16 21:52:18 | INFO | [CCXT] 分页：page=76 累计=7600 next_since_ms=1756257600000
2025-09-16 21:52:20 | INFO | [CCXT] 分页：page=77 累计=7700 next_since_ms=1756287600000
2025-09-16 21:52:20 | INFO | [CCXT] 分页：page=78 累计=7800 next_since_ms=1756317600000
2025-09-16 21:52:23 | INFO | [CCXT] 分页：page=79 累计=7900 next_since_ms=1756347600000
2025-09-16 21:52:24 | INFO | [CCXT] 分页：page=80 累计=8000 next_since_ms=1756377600000
2025-09-16 21:52:24 | INFO | [CCXT] 分页：page=81 累计=8100 next_since_ms=1756407600000
2025-09-16 21:52:26 | INFO | [CCXT] 分页：page=82 累计=8200 next_since_ms=1756437600000
2025-09-16 21:52:27 | INFO | [CCXT] 分页：page=83 累计=8300 next_since_ms=1756467600000
2025-09-16 21:52:27 | INFO | [CCXT] 分页：page=84 累计=8400 next_since_ms=1756497600000
2025-09-16 21:52:28 | INFO | [CCXT] 分页：page=85 累计=8500 next_since_ms=1756527600000
2025-09-16 21:52:29 | INFO | [CCXT] 分页：page=86 累计=8600 next_since_ms=1756557600000
2025-09-16 21:52:30 | INFO | [CCXT] 分页：page=87 累计=8700 next_since_ms=1756587600000
2025-09-16 21:52:32 | INFO | [CCXT] 分页：page=88 累计=8800 next_since_ms=1756617600000
2025-09-16 21:52:34 | INFO | [CCXT] 分页：page=89 累计=8900 next_since_ms=1756647600000
2025-09-16 21:52:35 | INFO | [CCXT] 分页：page=90 累计=9000 next_since_ms=1756677600000
2025-09-16 21:52:36 | INFO | [CCXT] 分页：page=91 累计=9100 next_since_ms=1756707600000
2025-09-16 21:52:37 | INFO | [CCXT] 分页：page=92 累计=9200 next_since_ms=1756737600000
2025-09-16 21:52:38 | INFO | [CCXT] 分页：page=93 累计=9217 next_since_ms=1756767600000
2025-09-16 21:52:38 | INFO | [CCXT] 已保存 9217 行到 C:\Users\64789\Desktop\123\data\ohlcv_ETH-USDT-SWAP_5m_2025-08-01_2025-09-02.csv
